[debug] > Exec(;reload; set _root_.org.jetbrains.sbt.StructureKeys.sbtStructureOptions in Global := "download, resolveSourceClassifiers, separateProdAndTestSources" ;preferScala2;*/*:dumpStructureTo C:/Users/ruben/AppData/Local/Temp/sbt-structure.xml; session clear-all, None, None)
[debug] > Exec(reload, None, None)
[debug] > Exec(sbtStashOnFailure, None, None)
[debug] > Exec(onFailure loadFailed, None, None)
[debug] > Exec(loadp, None, None)
[info] welcome to sbt 1.12.4 (Oracle Corporation Java 23.0.1)
[debug] Load.defaultLoad until apply took 1.7806ms
[debug]           Load.loadUnit: plugins took 11.31ms
[debug]           Load.loadUnit: defsScala took 0.0021ms
[debug] [Loading] Scanning directory C:\Users\ruben\OneDrive\Documentos\ISCTE\LEI\2ºAno\2º Semestre\PPM\Projeto\Parte_1\Konane_Jogo\project
[debug]             Load.loadUnit: mkEval took 0.1942ms
[debug] [Loading] Found non-root projects 
[debug] [Loading] Done in C:\Users\ruben\OneDrive\Documentos\ISCTE\LEI\2ºAno\2º Semestre\PPM\Projeto\Parte_1\Konane_Jogo\project, returning: ()
[debug] deducing auto plugins based on known facts Set(Atom(sbt.plugins.CorePlugin)) and clauses Clauses(Clause(Atom(sbt.plugins.JvmPlugin),Set(Atom(sbt.plugins.IvyPlugin)))
[debug] Clause(Atom(sbt.ScriptedPlugin),Set(Atom(sbt.plugins.JvmPlugin)))
[debug] Clause(Atom(sbt.plugins.SbtPlugin),Set(Atom(sbt.ScriptedPlugin)))
[debug] Clause(Atom(sbt.plugins.SemanticdbPlugin),Set(Atom(sbt.plugins.JvmPlugin)))
[debug] Clause(Atom(sbt.plugins.JUnitXmlReportPlugin),Set(Atom(sbt.plugins.JvmPlugin)))
[debug] Clause(Atom(sbt.plugins.MiniDependencyTreePlugin),Set(Atom(sbt.plugins.JvmPlugin)))
[debug] Clause(Atom(sbt.plugins.CorePlugin),Set(Atom(sbt.plugins.IvyPlugin)))
[debug] Clause(Atom(sbt.plugins.IvyPlugin),Set(Atom(sbt.plugins.JvmPlugin)))
[debug] Clause(Atom(sbt.plugins.JvmPlugin),Set(Atom(sbt.plugins.SemanticdbPlugin)))
[debug] Clause(Atom(sbt.plugins.JvmPlugin),Set(Atom(sbt.plugins.JUnitXmlReportPlugin)))
[debug] Clause(Atom(sbt.plugins.CorePlugin),Set(Atom(sbt.plugins.Giter8TemplatePlugin)))
[debug] Clause(Atom(sbt.plugins.JvmPlugin),Set(Atom(sbt.plugins.MiniDependencyTreePlugin))))
[debug]   :: deduced result: Matched(sbt.plugins.CorePlugin,sbt.plugins.Giter8TemplatePlugin,sbt.plugins.IvyPlugin,sbt.plugins.JvmPlugin,sbt.plugins.MiniDependencyTreePlugin,sbt.plugins.JUnitXmlReportPlugin,sbt.plugins.SemanticdbPlugin)
[debug] Plugins.deducer#function took 0.7502 ms
[info] loading settings for project konane_jogo-build from idea.sbt...
[debug]               Load.resolveProject(konane_jogo-build) took 0.8691ms
[debug]             Load.loadTransitive: finalizeProject(Project(id konane_jogo-build, base: C:\Users\ruben\OneDrive\Documentos\ISCTE\LEI\2ºAno\2º Semestre\PPM\Projeto\Parte_1\Konane_Jogo\project, plugins: List(<none>))) took 1.8461ms
[debug] [Loading] Done in C:\Users\ruben\OneDrive\Documentos\ISCTE\LEI\2ºAno\2º Semestre\PPM\Projeto\Parte_1\Konane_Jogo\project, returning: (konane_jogo-build)
[debug]           Load.loadUnit: loadedProjectsRaw took 14.8829ms
[debug]           Load.loadUnit: cleanEvalClasses took 3.5852ms
[debug]         Load.loadUnit(file:/C:/Users/ruben/OneDrive/Documentos/ISCTE/LEI/2ºAno/2º%20Semestre/PPM/Projeto/Parte_1/Konane_Jogo/project/, ...) took 30.6911ms
[debug]       Load.apply: load took 31.7903ms
[debug]       Load.apply: resolveProjects took 0.0611ms
[debug]       Load.apply: finalTransforms took 5.9809ms
[debug]       Load.apply: config.delegates took 0.1702ms
[debug]       Load.apply: Def.make(settings)... took 33.1127ms
[debug]       Load.apply: structureIndex took 11.3294ms
[debug]       Load.apply: mkStreams took 0.002ms
[info] loading project definition from C:\Users\ruben\OneDrive\Documentos\ISCTE\LEI\2ºAno\2º Semestre\PPM\Projeto\Parte_1\Konane_Jogo\project
[debug] Running task... Cancel: Signal, check cycles: false, forcegc: true
[debug]     Load.loadUnit: plugins took 230.3708ms
[debug]     Load.loadUnit: defsScala took 0.0017ms
[debug] [Loading] Scanning directory C:\Users\ruben\OneDrive\Documentos\ISCTE\LEI\2ºAno\2º Semestre\PPM\Projeto\Parte_1\Konane_Jogo
[debug]       Load.loadUnit: mkEval took 0.4245ms
[debug] [Loading] Found root project root w/ remaining 
[debug] deducing auto plugins based on known facts Set(Atom(sbt.plugins.CorePlugin)) and clauses Clauses(Clause(Atom(sbt.plugins.JvmPlugin),Set(Atom(sbt.plugins.IvyPlugin)))
[debug] Clause(Atom(sbt.ScriptedPlugin),Set(Atom(sbt.plugins.JvmPlugin)))
[debug] Clause(Atom(sbt.plugins.SbtPlugin),Set(Atom(sbt.ScriptedPlugin)))
[debug] Clause(Atom(sbt.plugins.SemanticdbPlugin),Set(Atom(sbt.plugins.JvmPlugin)))
[debug] Clause(Atom(sbt.plugins.JUnitXmlReportPlugin),Set(Atom(sbt.plugins.JvmPlugin)))
[debug] Clause(Atom(sbt.plugins.MiniDependencyTreePlugin),Set(Atom(sbt.plugins.JvmPlugin)))
[debug] Clause(Atom(org.jetbrains.sbt.StructurePlugin),Set(Atom(sbt.plugins.JvmPlugin)))
[debug] Clause(Atom(org.jetbrains.sbt.IdeaShellPlugin),Set(Atom(sbt.plugins.JvmPlugin)))
[debug] Clause(Atom(sbt.plugins.CorePlugin),Set(Atom(sbt.plugins.IvyPlugin)))
[debug] Clause(Atom(sbt.plugins.IvyPlugin),Set(Atom(sbt.plugins.JvmPlugin)))
[debug] Clause(Atom(sbt.plugins.JvmPlugin),Set(Atom(sbt.plugins.SemanticdbPlugin)))
[debug] Clause(Atom(sbt.plugins.JvmPlugin),Set(Atom(sbt.plugins.JUnitXmlReportPlugin)))
[debug] Clause(Atom(sbt.plugins.CorePlugin),Set(Atom(sbt.plugins.Giter8TemplatePlugin)))
[debug] Clause(Atom(sbt.plugins.JvmPlugin),Set(Atom(sbt.plugins.MiniDependencyTreePlugin)))
[debug] Clause(Atom(sbt.plugins.JvmPlugin),Set(Atom(org.jetbrains.sbt.StructurePlugin)))
[debug] Clause(Atom(sbt.plugins.JvmPlugin),Set(Atom(org.jetbrains.sbt.IdeaShellPlugin))))
[debug]   :: deduced result: Matched(sbt.plugins.CorePlugin,sbt.plugins.Giter8TemplatePlugin,sbt.plugins.IvyPlugin,sbt.plugins.JvmPlugin,sbt.plugins.SemanticdbPlugin,sbt.plugins.JUnitXmlReportPlugin,org.jetbrains.sbt.IdeaShellPlugin,org.jetbrains.sbt.StructurePlugin,sbt.plugins.MiniDependencyTreePlugin)
[debug] Plugins.deducer#function took 1.0097 ms
[info] loading settings for project root from build.sbt...
[debug]         Load.resolveProject(root) took 15.825ms
[debug]       Load.loadTransitive: finalizeProject(Project(id root, base: C:\Users\ruben\OneDrive\Documentos\ISCTE\LEI\2ºAno\2º Semestre\PPM\Projeto\Parte_1\Konane_Jogo, plugins: List(<none>))) took 17.2089ms
[debug] [Loading] Done in C:\Users\ruben\OneDrive\Documentos\ISCTE\LEI\2ºAno\2º Semestre\PPM\Projeto\Parte_1\Konane_Jogo, returning: (root)
[debug]     Load.loadUnit: loadedProjectsRaw took 41.4085ms
[debug]     Load.loadUnit: cleanEvalClasses took 9.0706ms
[debug]   Load.loadUnit(file:/C:/Users/ruben/OneDrive/Documentos/ISCTE/LEI/2ºAno/2º%20Semestre/PPM/Projeto/Parte_1/Konane_Jogo/, ...) took 281.6076ms
[debug] Load.apply: load took 282.6589ms
[debug] Load.apply: resolveProjects took 0.0514ms
[debug] Load.apply: finalTransforms took 12.3727ms
[debug] Load.apply: config.delegates took 0.1711ms
[debug] Load.apply: Def.make(settings)... took 37.9228ms
[debug] Load.apply: structureIndex took 8.9323ms
[debug] Load.apply: mkStreams took 0.0019ms
[info] set current project to Konane_Jogo (in build file:/C:/Users/ruben/OneDrive/Documentos/ISCTE/LEI/2ºAno/2º%20Semestre/PPM/Projeto/Parte_1/Konane_Jogo/)
[debug] Running task... Cancel: Signal, check cycles: false, forcegc: true
[debug] > Exec(sbtPopOnFailure, None, None)
[debug] > Exec(resumeFromFailure, None, None)
[debug] > Exec(set _root_.org.jetbrains.sbt.StructureKeys.sbtStructureOptions in Global := "download, resolveSourceClassifiers, separateProdAndTestSources", None, None)
[info] Defining Global / sbtStructureOptions
[info] The new value will be used by Global / ssOptions
[debug] Defining 
[debug] 	Global / sbtStructureOptions
[debug] 
[debug] The new value will be used by 
[debug] 	Global / ssOptions
[info] Reapplying settings...
[info] set current project to Konane_Jogo (in build file:/C:/Users/ruben/OneDrive/Documentos/ISCTE/LEI/2ºAno/2º%20Semestre/PPM/Projeto/Parte_1/Konane_Jogo/)
[debug] > Exec(preferScala2, None, None)
[debug] > Exec(*/*:dumpStructureTo C:/Users/ruben/AppData/Local/Temp/sbt-structure.xml, None, None)
[debug] Evaluating tasks: Global / dumpStructureTo
[warn] sbt 0.13 shell syntax is deprecated; use slash syntax instead: Global / dumpStructureTo
[debug] Running task... Cancel: Signal, check cycles: false, forcegc: true
[info] Writing structure to C:\Users\ruben\AppData\Local\Temp\sbt-structure.xml...
[info] Done.
[success] Total time: 0 s, completed 09/04/2026, 13:06:32
[debug] > Exec(session clear-all, None, None)
[info] Reapplying settings...
[info] set current project to Konane_Jogo (in build file:/C:/Users/ruben/OneDrive/Documentos/ISCTE/LEI/2ºAno/2º%20Semestre/PPM/Projeto/Parte_1/Konane_Jogo/)
[debug] > Exec(idea-shell, None, None)
