[debug] > Exec(early(addDefaultCommands), None, None)
[debug] > Exec(addDefaultCommands, None, None)
[debug] > Exec(early(initialize), None, None)
[debug] > Exec(initialize, None, None)
[debug] > Exec(early(addPluginSbtFile="""C:\Users\ruben\AppData\Local\Temp\idea.sbt"""), None, None)
[debug] > Exec(addPluginSbtFile="""C:\Users\ruben\AppData\Local\Temp\idea.sbt""", None, None)
[debug] > Exec(boot, None, None)
[debug] > Exec(writeSbtVersion, None, None)
[debug] > Exec(reload, None, None)
[debug] > Exec(sbtStashOnFailure, None, None)
[debug] > Exec(onFailure loadFailed, None, None)
[debug] > Exec(loadp, None, None)
[info] welcome to sbt 1.12.4 (Oracle Corporation Java 23.0.1)
[debug] Load.defaultLoad until apply took 62.1611ms
[debug]           Load.loadUnit: plugins took 75.4788ms
[debug]           Load.loadUnit: defsScala took 0.201ms
[debug] [Loading] Scanning directory C:\Users\ruben\OneDrive\Documentos\ISCTE\LEI\2ºAno\2º Semestre\PPM\Projeto\Parte_1\Konane_Jogo\project
[debug]             Load.loadUnit: mkEval took 3.8278ms
[debug] [Loading] Found non-root projects 
[debug] [Loading] Done in C:\Users\ruben\OneDrive\Documentos\ISCTE\LEI\2ºAno\2º Semestre\PPM\Projeto\Parte_1\Konane_Jogo\project, returning: ()
[debug] deducing auto plugins based on known facts Set(Atom(sbt.plugins.CorePlugin)) and clauses Clauses(Clause(Atom(sbt.plugins.JvmPlugin),Set(Atom(sbt.plugins.IvyPlugin)))
[debug] Clause(Atom(sbt.ScriptedPlugin),Set(Atom(sbt.plugins.JvmPlugin)))
[debug] Clause(Atom(sbt.plugins.SbtPlugin),Set(Atom(sbt.ScriptedPlugin)))
[debug] Clause(Atom(sbt.plugins.SemanticdbPlugin),Set(Atom(sbt.plugins.JvmPlugin)))
[debug] Clause(Atom(sbt.plugins.JUnitXmlReportPlugin),Set(Atom(sbt.plugins.JvmPlugin)))
[debug] Clause(Atom(sbt.plugins.MiniDependencyTreePlugin),Set(Atom(sbt.plugins.JvmPlugin)))
[debug] Clause(Atom(sbt.plugins.CorePlugin),Set(Atom(sbt.plugins.IvyPlugin)))
[debug] Clause(Atom(sbt.plugins.IvyPlugin),Set(Atom(sbt.plugins.JvmPlugin)))
[debug] Clause(Atom(sbt.plugins.JvmPlugin),Set(Atom(sbt.plugins.SemanticdbPlugin)))
[debug] Clause(Atom(sbt.plugins.JvmPlugin),Set(Atom(sbt.plugins.JUnitXmlReportPlugin)))
[debug] Clause(Atom(sbt.plugins.CorePlugin),Set(Atom(sbt.plugins.Giter8TemplatePlugin)))
[debug] Clause(Atom(sbt.plugins.JvmPlugin),Set(Atom(sbt.plugins.MiniDependencyTreePlugin))))
[debug]   :: deduced result: Matched(sbt.plugins.CorePlugin,sbt.plugins.Giter8TemplatePlugin,sbt.plugins.IvyPlugin,sbt.plugins.JvmPlugin,sbt.plugins.MiniDependencyTreePlugin,sbt.plugins.JUnitXmlReportPlugin,sbt.plugins.SemanticdbPlugin)
[debug] Plugins.deducer#function took 9.099 ms
[info] loading settings for project konane_jogo-build from idea.sbt...
[debug]               Load.resolveProject(konane_jogo-build) took 26.344ms
[debug]             Load.loadTransitive: finalizeProject(Project(id konane_jogo-build, base: C:\Users\ruben\OneDrive\Documentos\ISCTE\LEI\2ºAno\2º Semestre\PPM\Projeto\Parte_1\Konane_Jogo\project, plugins: List(<none>))) took 40.4887ms
[debug] [Loading] Done in C:\Users\ruben\OneDrive\Documentos\ISCTE\LEI\2ºAno\2º Semestre\PPM\Projeto\Parte_1\Konane_Jogo\project, returning: (konane_jogo-build)
[debug]           Load.loadUnit: loadedProjectsRaw took 1986.7214ms
[debug]           Load.loadUnit: cleanEvalClasses took 6.6089ms
[debug]         Load.loadUnit(file:/C:/Users/ruben/OneDrive/Documentos/ISCTE/LEI/2ºAno/2º%20Semestre/PPM/Projeto/Parte_1/Konane_Jogo/project/, ...) took 2073.0727ms
[debug]       Load.apply: load took 2190.5025ms
[debug]       Load.apply: resolveProjects took 3.5661ms
[debug]       Load.apply: finalTransforms took 68.4721ms
[debug]       Load.apply: config.delegates took 12.3259ms
[debug]       Load.apply: Def.make(settings)... took 399.2126ms
[debug]       Load.apply: structureIndex took 97.641ms
[debug]       Load.apply: mkStreams took 3.5142ms
[info] loading project definition from C:\Users\ruben\OneDrive\Documentos\ISCTE\LEI\2ºAno\2º Semestre\PPM\Projeto\Parte_1\Konane_Jogo\project
[debug] Running task... Cancel: Signal, check cycles: false, forcegc: true
[debug]     Load.loadUnit: plugins took 4033.5169ms
[debug]     Load.loadUnit: defsScala took 0.0017ms
[debug] [Loading] Scanning directory C:\Users\ruben\OneDrive\Documentos\ISCTE\LEI\2ºAno\2º Semestre\PPM\Projeto\Parte_1\Konane_Jogo
[debug]       Load.loadUnit: mkEval took 0.1973ms
[debug] [Loading] Found root project root w/ remaining 
[debug] deducing auto plugins based on known facts Set(Atom(sbt.plugins.CorePlugin)) and clauses Clauses(Clause(Atom(sbt.plugins.JvmPlugin),Set(Atom(sbt.plugins.IvyPlugin)))
[debug] Clause(Atom(sbt.ScriptedPlugin),Set(Atom(sbt.plugins.JvmPlugin)))
[debug] Clause(Atom(sbt.plugins.SbtPlugin),Set(Atom(sbt.ScriptedPlugin)))
[debug] Clause(Atom(sbt.plugins.SemanticdbPlugin),Set(Atom(sbt.plugins.JvmPlugin)))
[debug] Clause(Atom(sbt.plugins.JUnitXmlReportPlugin),Set(Atom(sbt.plugins.JvmPlugin)))
[debug] Clause(Atom(sbt.plugins.MiniDependencyTreePlugin),Set(Atom(sbt.plugins.JvmPlugin)))
[debug] Clause(Atom(org.jetbrains.sbt.StructurePlugin),Set(Atom(sbt.plugins.JvmPlugin)))
[debug] Clause(Atom(org.jetbrains.sbt.IdeaShellPlugin),Set(Atom(sbt.plugins.JvmPlugin)))
[debug] Clause(Atom(sbt.plugins.CorePlugin),Set(Atom(sbt.plugins.IvyPlugin)))
[debug] Clause(Atom(sbt.plugins.IvyPlugin),Set(Atom(sbt.plugins.JvmPlugin)))
[debug] Clause(Atom(sbt.plugins.JvmPlugin),Set(Atom(sbt.plugins.SemanticdbPlugin)))
[debug] Clause(Atom(sbt.plugins.JvmPlugin),Set(Atom(sbt.plugins.JUnitXmlReportPlugin)))
[debug] Clause(Atom(sbt.plugins.CorePlugin),Set(Atom(sbt.plugins.Giter8TemplatePlugin)))
[debug] Clause(Atom(sbt.plugins.JvmPlugin),Set(Atom(sbt.plugins.MiniDependencyTreePlugin)))
[debug] Clause(Atom(sbt.plugins.JvmPlugin),Set(Atom(org.jetbrains.sbt.StructurePlugin)))
[debug] Clause(Atom(sbt.plugins.JvmPlugin),Set(Atom(org.jetbrains.sbt.IdeaShellPlugin))))
[debug]   :: deduced result: Matched(sbt.plugins.CorePlugin,sbt.plugins.Giter8TemplatePlugin,sbt.plugins.IvyPlugin,sbt.plugins.JvmPlugin,sbt.plugins.SemanticdbPlugin,sbt.plugins.JUnitXmlReportPlugin,org.jetbrains.sbt.IdeaShellPlugin,org.jetbrains.sbt.StructurePlugin,sbt.plugins.MiniDependencyTreePlugin)
[debug] Plugins.deducer#function took 1.2577 ms
[info] loading settings for project root from build.sbt...
[debug]         Load.resolveProject(root) took 69.0659ms
[debug]       Load.loadTransitive: finalizeProject(Project(id root, base: C:\Users\ruben\OneDrive\Documentos\ISCTE\LEI\2ºAno\2º Semestre\PPM\Projeto\Parte_1\Konane_Jogo, plugins: List(<none>))) took 70.9005ms
[debug] [Loading] Done in C:\Users\ruben\OneDrive\Documentos\ISCTE\LEI\2ºAno\2º Semestre\PPM\Projeto\Parte_1\Konane_Jogo, returning: (root)
[debug]     Load.loadUnit: loadedProjectsRaw took 648.3883ms
[debug]     Load.loadUnit: cleanEvalClasses took 16.9119ms
[debug]   Load.loadUnit(file:/C:/Users/ruben/OneDrive/Documentos/ISCTE/LEI/2ºAno/2º%20Semestre/PPM/Projeto/Parte_1/Konane_Jogo/, ...) took 4700.439ms
[debug] Load.apply: load took 4715.8619ms
[debug] Load.apply: resolveProjects took 0.1399ms
[debug] Load.apply: finalTransforms took 24.8354ms
[debug] Load.apply: config.delegates took 0.2005ms
[debug] Load.apply: Def.make(settings)... took 64.9719ms
[debug] Load.apply: structureIndex took 18.3819ms
[debug] Load.apply: mkStreams took 0.0019ms
[info] set current project to Konane_Jogo (in build file:/C:/Users/ruben/OneDrive/Documentos/ISCTE/LEI/2ºAno/2º%20Semestre/PPM/Projeto/Parte_1/Konane_Jogo/)
[debug] Running task... Cancel: Signal, check cycles: false, forcegc: true
[debug] > Exec(sbtPopOnFailure, None, None)
[debug] > Exec(resumeFromFailure, None, None)
[debug] > Exec(notifyUsersAboutShell, None, None)
[debug] > Exec(iflast shell, None, None)
[debug] > Exec(idea-shell, None, None)
